<?xml version="1.0" encoding="UTF-8" ?>
<testsuite failures="0" time="0.19" errors="1" skipped="0" tests="1" name="com.datasift.fido.scenarios.userSession.LoginTest">
  <properties>
[...]
</properties>
  <testcase time="0.16" classname="com.datasift.fido.scenarios.userSession.LoginTest" name="run">
    <error message="Story path &apos;com/datasift/fido/scenarios/userSession/login_test.story&apos; not found by class loader sun.misc.Launcher$AppClassLoader@20cf2c80" type="org.jbehave.core.io.StoryResourceNotFound">org.jbehave.core.io.StoryResourceNotFound: Story path &apos;com/datasift/fido/scenarios/userSession/login_test.story&apos; not found by class loader sun.misc.Launcher$AppClassLoader@20cf2c80
	at org.jbehave.core.io.LoadFromClasspath.resourceAsStream(LoadFromClasspath.java:45)
	at org.jbehave.core.io.LoadFromClasspath.loadResourceAsText(LoadFromClasspath.java:30)
	at org.jbehave.core.io.LoadFromClasspath.loadStoryAsText(LoadFromClasspath.java:39)
	at org.jbehave.core.embedder.StoryRunner.storyOfPath(StoryRunner.java:174)
	at org.jbehave.core.embedder.Embedder.runStoriesAsPaths(Embedder.java:197)
	at org.jbehave.core.junit.JUnitStory.run(JUnitStory.java:24)
	at sun.reflect.NativeMethodAccessorImpl.invoke0(Native Method)
	at sun.reflect.NativeMethodAccessorImpl.invoke(NativeMethodAccessorImpl.java:39)
	at sun.reflect.DelegatingMethodAccessorImpl.invoke(DelegatingMethodAccessorImpl.java:25)
	at java.lang.reflect.Method.invoke(Method.java:597)
	at org.junit.runners.model.FrameworkMethod$1.runReflectiveCall(FrameworkMethod.java:44)
	at org.junit.internal.runners.model.ReflectiveCallable.run(ReflectiveCallable.java:15)
	at org.junit.runners.model.FrameworkMethod.invokeExplosively(FrameworkMethod.java:41)
	at org.junit.internal.runners.statements.InvokeMethod.evaluate(InvokeMethod.java:20)
	at org.junit.runners.BlockJUnit4ClassRunner.runNotIgnored(BlockJUnit4ClassRunner.java:79)
	at org.junit.runners.BlockJUnit4ClassRunner.runChild(BlockJUnit4ClassRunner.java:71)
	at org.junit.runners.BlockJUnit4ClassRunner.runChild(BlockJUnit4ClassRunner.java:49)
	at org.junit.runners.ParentRunner$3.run(ParentRunner.java:193)
	at org.junit.runners.ParentRunner$1.schedule(ParentRunner.java:52)
	at org.junit.runners.ParentRunner.runChildren(ParentRunner.java:191)
	at org.junit.runners.ParentRunner.access$000(ParentRunner.java:42)
	at org.junit.runners.ParentRunner$2.evaluate(ParentRunner.java:184)
	at org.junit.runners.ParentRunner.run(ParentRunner.java:236)
	at org.apache.maven.surefire.junit4.JUnit4TestSet.execute(JUnit4TestSet.java:35)
	at org.apache.maven.surefire.junit4.JUnit4Provider.executeTestSet(JUnit4Provider.java:115)
	at org.apache.maven.surefire.junit4.JUnit4Provider.invoke(JUnit4Provider.java:97)
	at sun.reflect.NativeMethodAccessorImpl.invoke0(Native Method)
	at sun.reflect.NativeMethodAccessorImpl.invoke(NativeMethodAccessorImpl.java:39)
	at sun.reflect.DelegatingMethodAccessorImpl.invoke(DelegatingMethodAccessorImpl.java:25)
	at java.lang.reflect.Method.invoke(Method.java:597)
	at org.apache.maven.surefire.booter.ProviderFactory$ClassLoaderProxy.invoke(ProviderFactory.java:103)
	at $Proxy0.invoke(Unknown Source)
	at org.apache.maven.surefire.booter.SurefireStarter.invokeProvider(SurefireStarter.java:150)
	at org.apache.maven.surefire.booter.SurefireStarter.runSuitesInProcess(SurefireStarter.java:91)
	at org.apache.maven.surefire.booter.ForkedBooter.main(ForkedBooter.java:69)
</error>
    <system-out>@HL
@HL-------------------------------------------------------
@HL T E S T S
@HL-------------------------------------------------------
@SLRunning com.datasift.fido.scenarios.userSession.LoginTest
Processing system properties {}

(BeforeStories)

</system-out>
  </testcase>
</testsuite>